<?xml version="1.0" encoding="UTF-8"?>
<beans xmlns="http://www.springframework.org/schema/beans"
       xmlns:xsi="http://www.w3.org/2001/XMLSchema-instance"
       xmlns:context="http://www.springframework.org/schema/context"
       xsi:schemaLocation="http://www.springframework.org/schema/beans 
       		http://www.springframework.org/schema/beans/spring-beans-3.0.xsd
       		http://www.springframework.org/schema/context
			http://www.springframework.org/schema/context/spring-context-3.0.xsd"
       default-autowire="constructor">

<!-- 		<bean id="sBuildServer" class="org.mockito.Mockito" factory-method="mock"> 
		    <constructor-arg value="jetbrains.buildServer.serverSide.SBuildServer" /> 
		</bean>  -->
<!--     
    	<bean id="sBuildServer" class="debrepo.teamcity.mock.MockSBuildServer"> 
		</bean>  -->
		
   		<context:annotation-config/>
   		<bean class="debrepo.teamcity.mock.TestMocks"/>
    
</beans>